<?xml version="1.0" encoding="UTF-8"?>
<testsuite xmlns:xsi="http://www.w3.org/2001/XMLSchema-instance" xsi:noNamespaceSchemaLocation="https://maven.apache.org/surefire/maven-surefire-plugin/xsd/surefire-test-report-3.0.xsd" version="3.0" name="pl.wojdylak.KafkaProducer.KafkaProducerApplicationTests" time="1.567" tests="1" errors="0" skipped="0" failures="0">
  <properties>
[...]
</properties>
  <testcase name="contextLoads" classname="pl.wojdylak.KafkaProducer.KafkaProducerApplicationTests" time="0.627">
    <system-out><![CDATA[14:57:26.561 [main] INFO org.springframework.test.context.support.AnnotationConfigContextLoaderUtils -- Could not detect default configuration classes for test class [pl.wojdylak.KafkaProducer.KafkaProducerApplicationTests]: KafkaProducerApplicationTests does not declare any static, non-private, non-final, nested classes annotated with @Configuration.
14:57:26.629 [main] INFO org.springframework.boot.test.context.SpringBootTestContextBootstrapper -- Found @SpringBootConfiguration pl.wojdylak.KafkaProducer.KafkaProducerApplication for test class pl.wojdylak.KafkaProducer.KafkaProducerApplicationTests

  .   ____          _            __ _ _
 /\\ / ___'_ __ _ _(_)_ __  __ _ \ \ \ \
( ( )\___ | '_ | '_| | '_ \/ _` | \ \ \ \
 \\/  ___)| |_)| | | | | || (_| |  ) ) ) )
  '  |____| .__|_| |_|_| |_\__, | / / / /
 =========|_|==============|___/=/_/_/_/
 :: Spring Boot ::                (v3.1.0)

2023-06-22T14:57:26.871+02:00  INFO 40165 --- [           main] p.w.K.KafkaProducerApplicationTests      : Starting KafkaProducerApplicationTests using Java 19.0.1 with PID 40165 (started by wojdylakjr in /Users/wojdylakjr/Erasmus2023/CloudComputing/Project/KafkaProducer)
2023-06-22T14:57:26.872+02:00  INFO 40165 --- [           main] p.w.K.KafkaProducerApplicationTests      : No active profile set, falling back to 1 default profile: "default"
2023-06-22T14:57:27.428+02:00  INFO 40165 --- [           main] p.w.K.KafkaProducerApplicationTests      : Started KafkaProducerApplicationTests in 0.708 seconds (process running for 1.442)
]]></system-out>
  </testcase>
</testsuite>