<?xml version="1.0" encoding="UTF-8"?>
<testsuite xmlns:xsi="http://www.w3.org/2001/XMLSchema-instance" xsi:noNamespaceSchemaLocation="https://maven.apache.org/surefire/maven-surefire-plugin/xsd/surefire-test-report-3.0.xsd" version="3.0" name="pl.wojdylak.KafkaConsumer.KafkaConsumerApplicationTests" time="1.347" tests="1" errors="0" skipped="0" failures="0">
  <properties>
[...]
</properties>
  <testcase name="contextLoads" classname="pl.wojdylak.KafkaConsumer.KafkaConsumerApplicationTests" time="0.607">
    <system-out><![CDATA[18:47:36.825 [main] INFO org.springframework.test.context.support.AnnotationConfigContextLoaderUtils -- Could not detect default configuration classes for test class [pl.wojdylak.KafkaConsumer.KafkaConsumerApplicationTests]: KafkaConsumerApplicationTests does not declare any static, non-private, non-final, nested classes annotated with @Configuration.
18:47:36.888 [main] INFO org.springframework.boot.test.context.SpringBootTestContextBootstrapper -- Found @SpringBootConfiguration pl.wojdylak.KafkaConsumer.KafkaConsumerApplication for test class pl.wojdylak.KafkaConsumer.KafkaConsumerApplicationTests

  .   ____          _            __ _ _
 /\\ / ___'_ __ _ _(_)_ __  __ _ \ \ \ \
( ( )\___ | '_ | '_| | '_ \/ _` | \ \ \ \
 \\/  ___)| |_)| | | | | || (_| |  ) ) ) )
  '  |____| .__|_| |_|_| |_\__, | / / / /
 =========|_|==============|___/=/_/_/_/
 :: Spring Boot ::                (v3.1.1)

2023-06-22T18:47:37.121+02:00  INFO 42334 --- [           main] p.w.K.KafkaConsumerApplicationTests      : Starting KafkaConsumerApplicationTests using Java 19.0.1 with PID 42334 (started by wojdylakjr in /Users/wojdylakjr/Erasmus2023/CloudComputing/Project/KafkaConsumer)
2023-06-22T18:47:37.122+02:00  INFO 42334 --- [           main] p.w.K.KafkaConsumerApplicationTests      : No active profile set, falling back to 1 default profile: "default"
2023-06-22T18:47:37.413+02:00  INFO 42334 --- [           main] p.w.K.KafkaConsumerApplicationTests      : Started KafkaConsumerApplicationTests in 0.446 seconds (process running for 1.128)
]]></system-out>
  </testcase>
</testsuite>